{
 "displayTimeUnit": "ms", 
 "traceEvents": [
  {
   "name": "FACTORY-PORT", 
   "tid": "TRUCK:0", 
   "ph": "B", 
   "args": {
    "cargo": [
     "CARGO:FACTORY_A_0"
    ], 
    "transport": "TRUCK:0"
   }, 
   "pid": "TRUCK:0", 
   "ts": 0, 
   "cat": "ddd"
  }, 
  {
   "tid": "TRUCK:0", 
   "ph": "E", 
   "args": {
    "cargo": [
     "CARGO:FACTORY_A_0"
    ], 
    "transport": "TRUCK:0"
   }, 
   "pid": "TRUCK:0", 
   "ts": 1, 
   "cat": "ddd"
  }, 
  {
   "name": "PORT-FACTORY", 
   "tid": "TRUCK:0", 
   "ph": "B", 
   "args": {
    "cargo": [], 
    "transport": "TRUCK:0"
   }, 
   "pid": "TRUCK:0", 
   "ts": 1, 
   "cat": "ddd"
  }, 
  {
   "tid": "TRUCK:0", 
   "ph": "E", 
   "args": {
    "cargo": [], 
    "transport": "TRUCK:0"
   }, 
   "pid": "TRUCK:0", 
   "ts": 2, 
   "cat": "ddd"
  }, 
  {
   "name": "PORT-A", 
   "tid": "SHIP:1", 
   "ph": "B", 
   "args": {
    "cargo": [
     "CARGO:FACTORY_A_0"
    ], 
    "transport": "SHIP:1"
   }, 
   "pid": "SHIP:1", 
   "ts": 2, 
   "cat": "ddd"
  }, 
  {
   "tid": "SHIP:1", 
   "ph": "E", 
   "args": {
    "cargo": [
     "CARGO:FACTORY_A_0"
    ], 
    "transport": "SHIP:1"
   }, 
   "pid": "SHIP:1", 
   "ts": 8, 
   "cat": "ddd"
  }, 
  {
   "name": "A-PORT", 
   "tid": "SHIP:1", 
   "ph": "B", 
   "args": {
    "cargo": [], 
    "transport": "SHIP:1"
   }, 
   "pid": "SHIP:1", 
   "ts": 9, 
   "cat": "ddd"
  }, 
  {
   "tid": "SHIP:1", 
   "ph": "E", 
   "args": {
    "cargo": [], 
    "transport": "SHIP:1"
   }, 
   "pid": "SHIP:1", 
   "ts": 15, 
   "cat": "ddd"
  }
 ]
}
